<?xml version="1.0" encoding="UTF-8"?>
<testsuite xmlns:xsi="http://www.w3.org/2001/XMLSchema-instance" xsi:noNamespaceSchemaLocation="https://maven.apache.org/surefire/maven-surefire-plugin/xsd/surefire-test-report.xsd" name="TestSuite" time="46.719" tests="9" errors="0" skipped="0" failures="0">
  <properties>
    <property name="sun.desktop" value="gnome"/>
    <property name="awt.toolkit" value="sun.awt.X11.XToolkit"/>
    <property name="java.specification.version" value="11"/>
    <property name="sun.cpu.isalist" value=""/>
    <property name="sun.jnu.encoding" value="UTF-8"/>
    <property name="java.class.path" value="/home/deepan/Desktop/nht/Wave4-QETesting/testng-selenium-workspace/OrangeHRMAutomation/target/test-classes:/home/deepan/Desktop/nht/Wave4-QETesting/testng-selenium-workspace/OrangeHRMAutomation/target/classes:/home/deepan/.m2/repository/org/testng/testng/7.0.0/testng-7.0.0.jar:/home/deepan/.m2/repository/com/beust/jcommander/1.72/jcommander-1.72.jar:/home/deepan/.m2/repository/org/seleniumhq/selenium/selenium-java/3.141.59/selenium-java-3.141.59.jar:/home/deepan/.m2/repository/org/seleniumhq/selenium/selenium-api/3.141.59/selenium-api-3.141.59.jar:/home/deepan/.m2/repository/org/seleniumhq/selenium/selenium-chrome-driver/3.141.59/selenium-chrome-driver-3.141.59.jar:/home/deepan/.m2/repository/org/seleniumhq/selenium/selenium-edge-driver/3.141.59/selenium-edge-driver-3.141.59.jar:/home/deepan/.m2/repository/org/seleniumhq/selenium/selenium-firefox-driver/3.141.59/selenium-firefox-driver-3.141.59.jar:/home/deepan/.m2/repository/org/seleniumhq/selenium/selenium-ie-driver/3.141.59/selenium-ie-driver-3.141.59.jar:/home/deepan/.m2/repository/org/seleniumhq/selenium/selenium-opera-driver/3.141.59/selenium-opera-driver-3.141.59.jar:/home/deepan/.m2/repository/org/seleniumhq/selenium/selenium-remote-driver/3.141.59/selenium-remote-driver-3.141.59.jar:/home/deepan/.m2/repository/org/seleniumhq/selenium/selenium-safari-driver/3.141.59/selenium-safari-driver-3.141.59.jar:/home/deepan/.m2/repository/org/seleniumhq/selenium/selenium-support/3.141.59/selenium-support-3.141.59.jar:/home/deepan/.m2/repository/net/bytebuddy/byte-buddy/1.8.15/byte-buddy-1.8.15.jar:/home/deepan/.m2/repository/org/apache/commons/commons-exec/1.3/commons-exec-1.3.jar:/home/deepan/.m2/repository/com/google/guava/guava/25.0-jre/guava-25.0-jre.jar:/home/deepan/.m2/repository/com/google/code/findbugs/jsr305/1.3.9/jsr305-1.3.9.jar:/home/deepan/.m2/repository/org/checkerframework/checker-compat-qual/2.0.0/checker-compat-qual-2.0.0.jar:/home/deepan/.m2/repository/com/google/errorprone/error_prone_annotations/2.1.3/error_prone_annotations-2.1.3.jar:/home/deepan/.m2/repository/com/google/j2objc/j2objc-annotations/1.1/j2objc-annotations-1.1.jar:/home/deepan/.m2/repository/org/codehaus/mojo/animal-sniffer-annotations/1.14/animal-sniffer-annotations-1.14.jar:/home/deepan/.m2/repository/com/squareup/okhttp3/okhttp/3.11.0/okhttp-3.11.0.jar:/home/deepan/.m2/repository/com/squareup/okio/okio/1.14.0/okio-1.14.0.jar:/home/deepan/.m2/repository/io/github/bonigarcia/webdrivermanager/3.7.1/webdrivermanager-3.7.1.jar:/home/deepan/.m2/repository/org/slf4j/slf4j-api/1.7.25/slf4j-api-1.7.25.jar:/home/deepan/.m2/repository/commons-io/commons-io/2.6/commons-io-2.6.jar:/home/deepan/.m2/repository/com/google/code/gson/gson/2.8.5/gson-2.8.5.jar:/home/deepan/.m2/repository/org/apache/commons/commons-lang3/3.8.1/commons-lang3-3.8.1.jar:/home/deepan/.m2/repository/org/apache/httpcomponents/httpclient/4.5.6/httpclient-4.5.6.jar:/home/deepan/.m2/repository/org/apache/httpcomponents/httpcore/4.4.10/httpcore-4.4.10.jar:/home/deepan/.m2/repository/commons-logging/commons-logging/1.2/commons-logging-1.2.jar:/home/deepan/.m2/repository/org/rauschig/jarchivelib/1.0.0/jarchivelib-1.0.0.jar:/home/deepan/.m2/repository/org/jsoup/jsoup/1.11.3/jsoup-1.11.3.jar:/home/deepan/.m2/repository/com/opencsv/opencsv/3.9/opencsv-3.9.jar:/home/deepan/.m2/repository/commons-beanutils/commons-beanutils/1.9.3/commons-beanutils-1.9.3.jar:/home/deepan/.m2/repository/commons-collections/commons-collections/3.2.2/commons-collections-3.2.2.jar:/home/deepan/.m2/repository/org/apache/poi/poi/4.1.0/poi-4.1.0.jar:/home/deepan/.m2/repository/commons-codec/commons-codec/1.12/commons-codec-1.12.jar:/home/deepan/.m2/repository/org/apache/commons/commons-collections4/4.3/commons-collections4-4.3.jar:/home/deepan/.m2/repository/org/apache/commons/commons-math3/3.6.1/commons-math3-3.6.1.jar:/home/deepan/.m2/repository/org/apache/poi/poi-ooxml/4.1.0/poi-ooxml-4.1.0.jar:/home/deepan/.m2/repository/org/apache/poi/poi-ooxml-schemas/4.1.0/poi-ooxml-schemas-4.1.0.jar:/home/deepan/.m2/repository/org/apache/xmlbeans/xmlbeans/3.1.0/xmlbeans-3.1.0.jar:/home/deepan/.m2/repository/org/apache/commons/commons-compress/1.18/commons-compress-1.18.jar:/home/deepan/.m2/repository/com/github/virtuald/curvesapi/1.06/curvesapi-1.06.jar:/home/deepan/.m2/repository/org/apache/maven/surefire/surefire-testng-utils/2.22.0/surefire-testng-utils-2.22.0.jar:/home/deepan/.m2/repository/org/apache/maven/surefire/surefire-grouper/2.22.0/surefire-grouper-2.22.0.jar:"/>
    <property name="java.vm.vendor" value="Oracle Corporation"/>
    <property name="sun.arch.data.model" value="64"/>
    <property name="java.vendor.url" value="http://java.oracle.com/"/>
    <property name="user.timezone" value=""/>
    <property name="java.vm.specification.version" value="11"/>
    <property name="os.name" value="Linux"/>
    <property name="sun.java.launcher" value="SUN_STANDARD"/>
    <property name="user.country" value="IN"/>
    <property name="sun.boot.library.path" value="/usr/local/jdk-11.0.2/lib"/>
    <property name="sun.java.command" value="/home/deepan/Desktop/nht/Wave4-QETesting/testng-selenium-workspace/OrangeHRMAutomation/target/surefire/surefirebooter14111103785898177266.jar /home/deepan/Desktop/nht/Wave4-QETesting/testng-selenium-workspace/OrangeHRMAutomation/target/surefire 2019-10-16T17-12-08_973-jvmRun1 surefire11388952782192458854tmp surefire_05743177178890593860tmp"/>
    <property name="jdk.debug" value="release"/>
    <property name="surefire.test.class.path" value="/home/deepan/Desktop/nht/Wave4-QETesting/testng-selenium-workspace/OrangeHRMAutomation/target/test-classes:/home/deepan/Desktop/nht/Wave4-QETesting/testng-selenium-workspace/OrangeHRMAutomation/target/classes:/home/deepan/.m2/repository/org/testng/testng/7.0.0/testng-7.0.0.jar:/home/deepan/.m2/repository/com/beust/jcommander/1.72/jcommander-1.72.jar:/home/deepan/.m2/repository/org/seleniumhq/selenium/selenium-java/3.141.59/selenium-java-3.141.59.jar:/home/deepan/.m2/repository/org/seleniumhq/selenium/selenium-api/3.141.59/selenium-api-3.141.59.jar:/home/deepan/.m2/repository/org/seleniumhq/selenium/selenium-chrome-driver/3.141.59/selenium-chrome-driver-3.141.59.jar:/home/deepan/.m2/repository/org/seleniumhq/selenium/selenium-edge-driver/3.141.59/selenium-edge-driver-3.141.59.jar:/home/deepan/.m2/repository/org/seleniumhq/selenium/selenium-firefox-driver/3.141.59/selenium-firefox-driver-3.141.59.jar:/home/deepan/.m2/repository/org/seleniumhq/selenium/selenium-ie-driver/3.141.59/selenium-ie-driver-3.141.59.jar:/home/deepan/.m2/repository/org/seleniumhq/selenium/selenium-opera-driver/3.141.59/selenium-opera-driver-3.141.59.jar:/home/deepan/.m2/repository/org/seleniumhq/selenium/selenium-remote-driver/3.141.59/selenium-remote-driver-3.141.59.jar:/home/deepan/.m2/repository/org/seleniumhq/selenium/selenium-safari-driver/3.141.59/selenium-safari-driver-3.141.59.jar:/home/deepan/.m2/repository/org/seleniumhq/selenium/selenium-support/3.141.59/selenium-support-3.141.59.jar:/home/deepan/.m2/repository/net/bytebuddy/byte-buddy/1.8.15/byte-buddy-1.8.15.jar:/home/deepan/.m2/repository/org/apache/commons/commons-exec/1.3/commons-exec-1.3.jar:/home/deepan/.m2/repository/com/google/guava/guava/25.0-jre/guava-25.0-jre.jar:/home/deepan/.m2/repository/com/google/code/findbugs/jsr305/1.3.9/jsr305-1.3.9.jar:/home/deepan/.m2/repository/org/checkerframework/checker-compat-qual/2.0.0/checker-compat-qual-2.0.0.jar:/home/deepan/.m2/repository/com/google/errorprone/error_prone_annotations/2.1.3/error_prone_annotations-2.1.3.jar:/home/deepan/.m2/repository/com/google/j2objc/j2objc-annotations/1.1/j2objc-annotations-1.1.jar:/home/deepan/.m2/repository/org/codehaus/mojo/animal-sniffer-annotations/1.14/animal-sniffer-annotations-1.14.jar:/home/deepan/.m2/repository/com/squareup/okhttp3/okhttp/3.11.0/okhttp-3.11.0.jar:/home/deepan/.m2/repository/com/squareup/okio/okio/1.14.0/okio-1.14.0.jar:/home/deepan/.m2/repository/io/github/bonigarcia/webdrivermanager/3.7.1/webdrivermanager-3.7.1.jar:/home/deepan/.m2/repository/org/slf4j/slf4j-api/1.7.25/slf4j-api-1.7.25.jar:/home/deepan/.m2/repository/commons-io/commons-io/2.6/commons-io-2.6.jar:/home/deepan/.m2/repository/com/google/code/gson/gson/2.8.5/gson-2.8.5.jar:/home/deepan/.m2/repository/org/apache/commons/commons-lang3/3.8.1/commons-lang3-3.8.1.jar:/home/deepan/.m2/repository/org/apache/httpcomponents/httpclient/4.5.6/httpclient-4.5.6.jar:/home/deepan/.m2/repository/org/apache/httpcomponents/httpcore/4.4.10/httpcore-4.4.10.jar:/home/deepan/.m2/repository/commons-logging/commons-logging/1.2/commons-logging-1.2.jar:/home/deepan/.m2/repository/org/rauschig/jarchivelib/1.0.0/jarchivelib-1.0.0.jar:/home/deepan/.m2/repository/org/jsoup/jsoup/1.11.3/jsoup-1.11.3.jar:/home/deepan/.m2/repository/com/opencsv/opencsv/3.9/opencsv-3.9.jar:/home/deepan/.m2/repository/commons-beanutils/commons-beanutils/1.9.3/commons-beanutils-1.9.3.jar:/home/deepan/.m2/repository/commons-collections/commons-collections/3.2.2/commons-collections-3.2.2.jar:/home/deepan/.m2/repository/org/apache/poi/poi/4.1.0/poi-4.1.0.jar:/home/deepan/.m2/repository/commons-codec/commons-codec/1.12/commons-codec-1.12.jar:/home/deepan/.m2/repository/org/apache/commons/commons-collections4/4.3/commons-collections4-4.3.jar:/home/deepan/.m2/repository/org/apache/commons/commons-math3/3.6.1/commons-math3-3.6.1.jar:/home/deepan/.m2/repository/org/apache/poi/poi-ooxml/4.1.0/poi-ooxml-4.1.0.jar:/home/deepan/.m2/repository/org/apache/poi/poi-ooxml-schemas/4.1.0/poi-ooxml-schemas-4.1.0.jar:/home/deepan/.m2/repository/org/apache/xmlbeans/xmlbeans/3.1.0/xmlbeans-3.1.0.jar:/home/deepan/.m2/repository/org/apache/commons/commons-compress/1.18/commons-compress-1.18.jar:/home/deepan/.m2/repository/com/github/virtuald/curvesapi/1.06/curvesapi-1.06.jar:/home/deepan/.m2/repository/org/apache/maven/surefire/surefire-testng-utils/2.22.0/surefire-testng-utils-2.22.0.jar:/home/deepan/.m2/repository/org/apache/maven/surefire/surefire-grouper/2.22.0/surefire-grouper-2.22.0.jar:"/>
    <property name="sun.cpu.endian" value="little"/>
    <property name="user.home" value="/home/deepan"/>
    <property name="user.language" value="en"/>
    <property name="java.specification.vendor" value="Oracle Corporation"/>
    <property name="java.version.date" value="2019-01-15"/>
    <property name="java.home" value="/usr/local/jdk-11.0.2"/>
    <property name="file.separator" value="/"/>
    <property name="basedir" value="/home/deepan/Desktop/nht/Wave4-QETesting/testng-selenium-workspace/OrangeHRMAutomation"/>
    <property name="java.vm.compressedOopsMode" value="Zero based"/>
    <property name="line.separator" value="&#10;"/>
    <property name="java.specification.name" value="Java Platform API Specification"/>
    <property name="java.vm.specification.vendor" value="Oracle Corporation"/>
    <property name="java.awt.graphicsenv" value="sun.awt.X11GraphicsEnvironment"/>
    <property name="surefire.real.class.path" value="/home/deepan/Desktop/nht/Wave4-QETesting/testng-selenium-workspace/OrangeHRMAutomation/target/surefire/surefirebooter14111103785898177266.jar"/>
    <property name="sun.management.compiler" value="HotSpot 64-Bit Tiered Compilers"/>
    <property name="java.runtime.version" value="11.0.2+9-LTS"/>
    <property name="user.name" value="deepan"/>
    <property name="path.separator" value=":"/>
    <property name="os.version" value="4.15.0-64-generic"/>
    <property name="java.runtime.name" value="Java(TM) SE Runtime Environment"/>
    <property name="file.encoding" value="UTF-8"/>
    <property name="java.vm.name" value="Java HotSpot(TM) 64-Bit Server VM"/>
    <property name="java.vendor.version" value="18.9"/>
    <property name="localRepository" value="/home/deepan/.m2/repository"/>
    <property name="java.vendor.url.bug" value="http://bugreport.java.com/bugreport/"/>
    <property name="java.io.tmpdir" value="/tmp"/>
    <property name="java.version" value="11.0.2"/>
    <property name="user.dir" value="/home/deepan/Desktop/nht/Wave4-QETesting/testng-selenium-workspace/OrangeHRMAutomation"/>
    <property name="os.arch" value="amd64"/>
    <property name="java.vm.specification.name" value="Java Virtual Machine Specification"/>
    <property name="java.awt.printerjob" value="sun.print.PSPrinterJob"/>
    <property name="sun.os.patch.level" value="unknown"/>
    <property name="java.library.path" value="/opt/google/chrome:/opt/google/chrome/lib:/usr/java/packages/lib:/usr/lib64:/lib64:/lib:/usr/lib"/>
    <property name="java.vendor" value="Oracle Corporation"/>
    <property name="java.vm.info" value="mixed mode"/>
    <property name="java.vm.version" value="11.0.2+9-LTS"/>
    <property name="sun.io.unicode.encoding" value="UnicodeLittle"/>
    <property name="java.class.version" value="55.0"/>
  </properties>
  <testcase name="sample1_from_loginTest" classname="com.stackroute.testcases.LoginTest" time="0.005"/>
  <testcase name="sample1_from_testclass_3" classname="com.stackroute.testcases.TestClass_3" time="0"/>
  <testcase name="sample2_from_testclass_3" classname="com.stackroute.testcases.TestClass_3" time="0.001"/>
  <testcase name="sample3_from_testclass_3" classname="com.stackroute.testcases.TestClass_3" time="0"/>
  <testcase name="sample1_from_testclass_4" classname="com.stackroute.testcases.TestClass_4" time="0"/>
  <testcase name="sample2_from_testclass_4" classname="com.stackroute.testcases.TestClass_4" time="0"/>
  <testcase name="sample3_from_testclass_4" classname="com.stackroute.testcases.TestClass_4" time="0"/>
  <testcase name="sample1_from_user_validation" classname="com.stackroute.testcases.UserLoginValidationTest" time="0"/>
  <testcase name="sample2_from_user_validation" classname="com.stackroute.testcases.UserLoginValidationTest" time="0"/>
</testsuite>