<?xml version="1.0" encoding="UTF-8"?>
<!-- Generated by org.testng.reporters.JUnitReportReporter -->
<testsuite hostname="BLR-STR-DEEPAN" failures="0" tests="3" name="com.stackroute.testcases.TestClass_4" time="0.004" errors="0" timestamp="2019-10-16T11:51:16 IST" skipped="0">
  <testcase classname="com.stackroute.testcases.TestClass_4" name="sample2_from_testclass_4" time="0.001"/>
  <testcase classname="com.stackroute.testcases.TestClass_4" name="sample1_from_testclass_4" time="0.001"/>
  <testcase classname="com.stackroute.testcases.TestClass_4" name="sample3_from_testclass_4" time="0.002"/>
</testsuite> <!-- com.stackroute.testcases.TestClass_4 -->
