<?xml version="1.0" encoding="UTF-8"?>
<!-- Generated by org.testng.reporters.JUnitReportReporter -->
<testsuite hostname="BLR-STR-DEEPAN" failures="0" tests="4" name="com.stackroute.testcases.LoginFailedTest" time="24.876" errors="0" timestamp="2019-10-15T13:27:01 IST" skipped="0">
  <testcase classname="com.stackroute.testcases.LoginFailedTest" name="f" time="8.260"/>
  <testcase classname="com.stackroute.testcases.LoginFailedTest" name="f" time="7.505"/>
  <testcase classname="com.stackroute.testcases.LoginFailedTest" name="f" time="4.834"/>
  <testcase classname="com.stackroute.testcases.LoginFailedTest" name="f" time="4.277"/>
</testsuite> <!-- com.stackroute.testcases.LoginFailedTest -->
