<?xml version="1.0" encoding="UTF-8"?>
<!-- Generated by org.testng.reporters.JUnitReportReporter -->
<testsuite hostname="BLR-STR-DEEPAN" failures="0" tests="3" name="com.stackroute.testcases.UserLoginValidationTest" time="0.001" errors="0" timestamp="2019-10-16T17:12:56 IST" skipped="1">
  <testcase classname="com.stackroute.testcases.UserLoginValidationTest" name="sample1_from_user_validation" time="0.001"/>
  <testcase classname="com.stackroute.testcases.UserLoginValidationTest" name="sample2_from_user_validation" time="0.000"/>
  <testcase classname="com.stackroute.testcases.UserLoginValidationTest" name="validateUser">
    <skipped/>
  </testcase> <!-- validateUser -->
</testsuite> <!-- com.stackroute.testcases.UserLoginValidationTest -->
