<?xml version="1.0" encoding="UTF-8"?>
<!-- Generated by org.testng.reporters.JUnitReportReporter -->
<testsuite hostname="BLR-STR-DEEPAN" failures="0" tests="2" name="com.stackroute.testcases.LoginTest" time="0.004" errors="0" timestamp="2019-10-16T17:12:56 IST" skipped="1">
  <testcase classname="com.stackroute.testcases.LoginTest" name="sample1_from_loginTest" time="0.004"/>
  <testcase classname="com.stackroute.testcases.LoginTest" name="f">
    <skipped/>
  </testcase> <!-- f -->
</testsuite> <!-- com.stackroute.testcases.LoginTest -->
