<?xml version="1.0" encoding="UTF-8"?>
<!-- Generated by org.testng.reporters.JUnitReportReporter -->
<testsuite hostname="BLR-STR-DEEPAN" failures="0" tests="1" name="com.stackroute.testcases.TestClass_5" time="0.005" errors="0" timestamp="2019-10-16T17:06:17 IST" skipped="0">
  <testcase classname="com.stackroute.testcases.TestClass_5" name="sample1_from_testclass_5" time="0.005"/>
</testsuite> <!-- com.stackroute.testcases.TestClass_5 -->
